This file contains any messages produced by compilers while
running configure, to aid debugging if configure makes a mistake.

It was created by alsa-lib configure 1.1.6, which was
generated by GNU Autoconf 2.69.  Invocation command line was

  $ ./configure 

## --------- ##
## Platform. ##
## --------- ##

hostname = bmw-multimedia
uname -m = armv7l
uname -r = 4.14.56-v7+
uname -s = Linux
uname -v = #1128 SMP Wed Jul 18 12:25:58 BST 2018

/usr/bin/uname -p = unknown
/bin/uname -X     = unknown

/bin/arch              = unknown
/usr/bin/arch -k       = unknown
/usr/convex/getsysinfo = unknown
/usr/bin/hostinfo      = unknown
/bin/machine           = unknown
/usr/bin/oslevel       = unknown
/bin/universe          = unknown

PATH: /usr/local/sbin
PATH: /usr/local/bin
PATH: /usr/sbin
PATH: /usr/bin
PATH: /sbin
PATH: /bin


## ----------- ##
## Core tests. ##
## ----------- ##

configure:2478: checking build system type
configure:2492: result: armv7l-unknown-linux-gnueabihf
configure:2512: checking host system type
configure:2525: result: armv7l-unknown-linux-gnueabihf
configure:2561: checking for a BSD-compatible install
configure:2629: result: /usr/bin/install -c
configure:2640: checking whether build environment is sane
configure:2695: result: yes
configure:2846: checking for a thread-safe mkdir -p
configure:2885: result: /bin/mkdir -p
configure:2892: checking for gawk
configure:2908: found /usr/bin/gawk
configure:2919: result: gawk
configure:2930: checking whether make sets $(MAKE)
configure:2952: result: yes
configure:3049: checking whether to enable maintainer-specific portions of Makefiles
configure:3058: result: yes
configure:3084: checking whether make supports nested variables
configure:3101: result: yes
configure:3164: checking for gcc
configure:3180: found /usr/bin/gcc
configure:3191: result: gcc
configure:3420: checking for C compiler version
configure:3429: gcc --version >&5
gcc (Raspbian 4.9.2-10+deb8u1) 4.9.2
Copyright (C) 2014 Free Software Foundation, Inc.
This is free software; see the source for copying conditions.  There is NO
warranty; not even for MERCHANTABILITY or FITNESS FOR A PARTICULAR PURPOSE.

configure:3440: $? = 0
configure:3429: gcc -v >&5
Using built-in specs.
COLLECT_GCC=gcc
COLLECT_LTO_WRAPPER=/usr/lib/gcc/arm-linux-gnueabihf/4.9/lto-wrapper
Target: arm-linux-gnueabihf
Configured with: ../src/configure -v --with-pkgversion='Raspbian 4.9.2-10+deb8u1' --with-bugurl=file:///usr/share/doc/gcc-4.9/README.Bugs --enable-languages=c,c++,java,go,d,fortran,objc,obj-c++ --prefix=/usr --program-suffix=-4.9 --enable-shared --enable-linker-build-id --libexecdir=/usr/lib --without-included-gettext --enable-threads=posix --with-gxx-include-dir=/usr/include/c++/4.9 --libdir=/usr/lib --enable-nls --with-sysroot=/ --enable-clocale=gnu --enable-libstdcxx-debug --enable-libstdcxx-time=yes --enable-gnu-unique-object --disable-libitm --disable-libquadmath --enable-plugin --with-system-zlib --disable-browser-plugin --enable-java-awt=gtk --enable-gtk-cairo --with-java-home=/usr/lib/jvm/java-1.5.0-gcj-4.9-armhf/jre --enable-java-home --with-jvm-root-dir=/usr/lib/jvm/java-1.5.0-gcj-4.9-armhf --with-jvm-jar-dir=/usr/lib/jvm-exports/java-1.5.0-gcj-4.9-armhf --with-arch-directory=arm --with-ecj-jar=/usr/share/java/eclipse-ecj.jar --enable-objc-gc --enable-multiarch --disable-sjlj-exceptions --with-arch=armv6 --with-fpu=vfp --with-float=hard --enable-checking=release --build=arm-linux-gnueabihf --host=arm-linux-gnueabihf --target=arm-linux-gnueabihf
Thread model: posix
gcc version 4.9.2 (Raspbian 4.9.2-10+deb8u1) 
configure:3440: $? = 0
configure:3429: gcc -V >&5
gcc: error: unrecognized command line option '-V'
gcc: fatal error: no input files
compilation terminated.
configure:3440: $? = 4
configure:3429: gcc -qversion >&5
gcc: error: unrecognized command line option '-qversion'
gcc: fatal error: no input files
compilation terminated.
configure:3440: $? = 4
configure:3460: checking whether the C compiler works
configure:3482: gcc    conftest.c  >&5
configure:3486: $? = 0
configure:3534: result: yes
configure:3537: checking for C compiler default output file name
configure:3539: result: a.out
configure:3545: checking for suffix of executables
configure:3552: gcc -o conftest    conftest.c  >&5
configure:3556: $? = 0
configure:3578: result: 
configure:3600: checking whether we are cross compiling
configure:3608: gcc -o conftest    conftest.c  >&5
configure:3612: $? = 0
configure:3619: ./conftest
configure:3623: $? = 0
configure:3638: result: no
configure:3643: checking for suffix of object files
configure:3665: gcc -c   conftest.c >&5
configure:3669: $? = 0
configure:3690: result: o
configure:3694: checking whether we are using the GNU C compiler
configure:3713: gcc -c   conftest.c >&5
configure:3713: $? = 0
configure:3722: result: yes
configure:3731: checking whether gcc accepts -g
configure:3751: gcc -c -g  conftest.c >&5
configure:3751: $? = 0
configure:3792: result: yes
configure:3809: checking for gcc option to accept ISO C89
configure:3872: gcc  -c -g -O2  conftest.c >&5
configure:3872: $? = 0
configure:3885: result: none needed
configure:3916: checking for style of include used by make
configure:3944: result: GNU
configure:3970: checking dependency style of gcc
configure:4081: result: gcc3
configure:4101: checking how to run the C preprocessor
configure:4132: gcc -E  conftest.c
configure:4132: $? = 0
configure:4146: gcc -E  conftest.c
conftest.c:11:28: fatal error: ac_nonexistent.h: No such file or directory
 #include <ac_nonexistent.h>
                            ^
compilation terminated.
configure:4146: $? = 1
configure: failed program was:
| /* confdefs.h */
| #define PACKAGE_NAME "alsa-lib"
| #define PACKAGE_TARNAME "alsa-lib"
| #define PACKAGE_VERSION "1.1.6"
| #define PACKAGE_STRING "alsa-lib 1.1.6"
| #define PACKAGE_BUGREPORT ""
| #define PACKAGE_URL ""
| #define PACKAGE "alsa-lib"
| #define VERSION "1.1.6"
| /* end confdefs.h.  */
| #include <ac_nonexistent.h>
configure:4171: result: gcc -E
configure:4191: gcc -E  conftest.c
configure:4191: $? = 0
configure:4205: gcc -E  conftest.c
conftest.c:11:28: fatal error: ac_nonexistent.h: No such file or directory
 #include <ac_nonexistent.h>
                            ^
compilation terminated.
configure:4205: $? = 1
configure: failed program was:
| /* confdefs.h */
| #define PACKAGE_NAME "alsa-lib"
| #define PACKAGE_TARNAME "alsa-lib"
| #define PACKAGE_VERSION "1.1.6"
| #define PACKAGE_STRING "alsa-lib 1.1.6"
| #define PACKAGE_BUGREPORT ""
| #define PACKAGE_URL ""
| #define PACKAGE "alsa-lib"
| #define VERSION "1.1.6"
| /* end confdefs.h.  */
| #include <ac_nonexistent.h>
configure:4235: checking for grep that handles long lines and -e
configure:4293: result: /bin/grep
configure:4298: checking for egrep
configure:4360: result: /bin/grep -E
configure:4365: checking for ANSI C header files
configure:4385: gcc -c -g -O2  conftest.c >&5
configure:4385: $? = 0
configure:4458: gcc -o conftest -g -O2   conftest.c  >&5
configure:4458: $? = 0
configure:4458: ./conftest
configure:4458: $? = 0
configure:4469: result: yes
configure:4482: checking for sys/types.h
configure:4482: gcc -c -g -O2  conftest.c >&5
configure:4482: $? = 0
configure:4482: result: yes
configure:4482: checking for sys/stat.h
configure:4482: gcc -c -g -O2  conftest.c >&5
configure:4482: $? = 0
configure:4482: result: yes
configure:4482: checking for stdlib.h
configure:4482: gcc -c -g -O2  conftest.c >&5
configure:4482: $? = 0
configure:4482: result: yes
configure:4482: checking for string.h
configure:4482: gcc -c -g -O2  conftest.c >&5
configure:4482: $? = 0
configure:4482: result: yes
configure:4482: checking for memory.h
configure:4482: gcc -c -g -O2  conftest.c >&5
configure:4482: $? = 0
configure:4482: result: yes
configure:4482: checking for strings.h
configure:4482: gcc -c -g -O2  conftest.c >&5
configure:4482: $? = 0
configure:4482: result: yes
configure:4482: checking for inttypes.h
configure:4482: gcc -c -g -O2  conftest.c >&5
configure:4482: $? = 0
configure:4482: result: yes
configure:4482: checking for stdint.h
configure:4482: gcc -c -g -O2  conftest.c >&5
configure:4482: $? = 0
configure:4482: result: yes
configure:4482: checking for unistd.h
configure:4482: gcc -c -g -O2  conftest.c >&5
configure:4482: $? = 0
configure:4482: result: yes
configure:4495: checking minix/config.h usability
configure:4495: gcc -c -g -O2  conftest.c >&5
conftest.c:54:26: fatal error: minix/config.h: No such file or directory
 #include <minix/config.h>
                          ^
compilation terminated.
configure:4495: $? = 1
configure: failed program was:
| /* confdefs.h */
| #define PACKAGE_NAME "alsa-lib"
| #define PACKAGE_TARNAME "alsa-lib"
| #define PACKAGE_VERSION "1.1.6"
| #define PACKAGE_STRING "alsa-lib 1.1.6"
| #define PACKAGE_BUGREPORT ""
| #define PACKAGE_URL ""
| #define PACKAGE "alsa-lib"
| #define VERSION "1.1.6"
| #define STDC_HEADERS 1
| #define HAVE_SYS_TYPES_H 1
| #define HAVE_SYS_STAT_H 1
| #define HAVE_STDLIB_H 1
| #define HAVE_STRING_H 1
| #define HAVE_MEMORY_H 1
| #define HAVE_STRINGS_H 1
| #define HAVE_INTTYPES_H 1
| #define HAVE_STDINT_H 1
| #define HAVE_UNISTD_H 1
| /* end confdefs.h.  */
| #include <stdio.h>
| #ifdef HAVE_SYS_TYPES_H
| # include <sys/types.h>
| #endif
| #ifdef HAVE_SYS_STAT_H
| # include <sys/stat.h>
| #endif
| #ifdef STDC_HEADERS
| # include <stdlib.h>
| # include <stddef.h>
| #else
| # ifdef HAVE_STDLIB_H
| #  include <stdlib.h>
| # endif
| #endif
| #ifdef HAVE_STRING_H
| # if !defined STDC_HEADERS && defined HAVE_MEMORY_H
| #  include <memory.h>
| # endif
| # include <string.h>
| #endif
| #ifdef HAVE_STRINGS_H
| # include <strings.h>
| #endif
| #ifdef HAVE_INTTYPES_H
| # include <inttypes.h>
| #endif
| #ifdef HAVE_STDINT_H
| # include <stdint.h>
| #endif
| #ifdef HAVE_UNISTD_H
| # include <unistd.h>
| #endif
| #include <minix/config.h>
configure:4495: result: no
configure:4495: checking minix/config.h presence
configure:4495: gcc -E  conftest.c
conftest.c:21:26: fatal error: minix/config.h: No such file or directory
 #include <minix/config.h>
                          ^
compilation terminated.
configure:4495: $? = 1
configure: failed program was:
| /* confdefs.h */
| #define PACKAGE_NAME "alsa-lib"
| #define PACKAGE_TARNAME "alsa-lib"
| #define PACKAGE_VERSION "1.1.6"
| #define PACKAGE_STRING "alsa-lib 1.1.6"
| #define PACKAGE_BUGREPORT ""
| #define PACKAGE_URL ""
| #define PACKAGE "alsa-lib"
| #define VERSION "1.1.6"
| #define STDC_HEADERS 1
| #define HAVE_SYS_TYPES_H 1
| #define HAVE_SYS_STAT_H 1
| #define HAVE_STDLIB_H 1
| #define HAVE_STRING_H 1
| #define HAVE_MEMORY_H 1
| #define HAVE_STRINGS_H 1
| #define HAVE_INTTYPES_H 1
| #define HAVE_STDINT_H 1
| #define HAVE_UNISTD_H 1
| /* end confdefs.h.  */
| #include <minix/config.h>
configure:4495: result: no
configure:4495: checking for minix/config.h
configure:4495: result: no
configure:4516: checking whether it is safe to define __EXTENSIONS__
configure:4534: gcc -c -g -O2  conftest.c >&5
configure:4534: $? = 0
configure:4541: result: yes
configure:4556: checking whether ln -s works
configure:4560: result: yes
configure:4648: checking how to print strings
configure:4675: result: printf
configure:4696: checking for a sed that does not truncate output
configure:4760: result: /bin/sed
configure:4778: checking for fgrep
configure:4840: result: /bin/grep -F
configure:4875: checking for ld used by gcc
configure:4942: result: /usr/bin/ld
configure:4949: checking if the linker (/usr/bin/ld) is GNU ld
configure:4964: result: yes
configure:4976: checking for BSD- or MS-compatible name lister (nm)
configure:5025: result: /usr/bin/nm -B
configure:5155: checking the name lister (/usr/bin/nm -B) interface
configure:5162: gcc -c -g -O2  conftest.c >&5
configure:5165: /usr/bin/nm -B "conftest.o"
configure:5168: output
00000000 B some_variable
configure:5175: result: BSD nm
configure:5179: checking the maximum length of command line arguments
configure:5309: result: 1572864
configure:5326: checking whether the shell understands some XSI constructs
configure:5336: result: yes
configure:5340: checking whether the shell understands "+="
configure:5346: result: yes
configure:5381: checking how to convert armv7l-unknown-linux-gnueabihf file names to armv7l-unknown-linux-gnueabihf format
configure:5421: result: func_convert_file_noop
configure:5428: checking how to convert armv7l-unknown-linux-gnueabihf file names to toolchain format
configure:5448: result: func_convert_file_noop
configure:5455: checking for /usr/bin/ld option to reload object files
configure:5462: result: -r
configure:5536: checking for objdump
configure:5552: found /usr/bin/objdump
configure:5563: result: objdump
configure:5595: checking how to recognize dependent libraries
configure:5797: result: pass_all
configure:5882: checking for dlltool
configure:5912: result: no
configure:5942: checking how to associate runtime and link libraries
configure:5969: result: printf %s\n
configure:6029: checking for ar
configure:6045: found /usr/bin/ar
configure:6056: result: ar
configure:6093: checking for archiver @FILE support
configure:6110: gcc -c -g -O2  conftest.c >&5
configure:6110: $? = 0
configure:6113: ar cru libconftest.a @conftest.lst >&5
configure:6116: $? = 0
configure:6121: ar cru libconftest.a @conftest.lst >&5
ar: conftest.o: No such file or directory
configure:6124: $? = 1
configure:6136: result: @
configure:6194: checking for strip
configure:6210: found /usr/bin/strip
configure:6221: result: strip
configure:6293: checking for ranlib
configure:6309: found /usr/bin/ranlib
configure:6320: result: ranlib
configure:6422: checking command to parse /usr/bin/nm -B output from gcc object
configure:6542: gcc -c -g -O2  conftest.c >&5
configure:6545: $? = 0
configure:6549: /usr/bin/nm -B conftest.o \| sed -n -e 's/^.*[ ]\([ABCDGIRSTW][ABCDGIRSTW]*\)[ ][ ]*\([_A-Za-z][_A-Za-z0-9]*\)$/\1 \2 \2/p' | sed '/ __gnu_lto/d' \> conftest.nm
configure:6552: $? = 0
configure:6618: gcc -o conftest -g -O2   conftest.c conftstm.o >&5
configure:6621: $? = 0
configure:6659: result: ok
configure:6696: checking for sysroot
configure:6726: result: no
configure:6982: checking for mt
configure:6998: found /bin/mt
configure:7009: result: mt
configure:7032: checking if mt is a manifest tool
configure:7038: mt '-?'
configure:7046: result: no
configure:7685: checking for dlfcn.h
configure:7685: gcc -c -g -O2  conftest.c >&5
configure:7685: $? = 0
configure:7685: result: yes
configure:7859: checking for objdir
configure:7874: result: .libs
configure:8141: checking if gcc supports -fno-rtti -fno-exceptions
configure:8159: gcc -c -g -O2  -fno-rtti -fno-exceptions conftest.c >&5
cc1: warning: command line option '-fno-rtti' is valid for C++/ObjC++ but not for C
configure:8163: $? = 0
configure:8176: result: no
configure:8503: checking for gcc option to produce PIC
configure:8510: result: -fPIC -DPIC
configure:8518: checking if gcc PIC flag -fPIC -DPIC works
configure:8536: gcc -c -g -O2  -fPIC -DPIC -DPIC conftest.c >&5
configure:8540: $? = 0
configure:8553: result: yes
configure:8582: checking if gcc static flag -static works
configure:8610: result: yes
configure:8625: checking if gcc supports -c -o file.o
configure:8646: gcc -c -g -O2  -o out/conftest2.o conftest.c >&5
configure:8650: $? = 0
configure:8672: result: yes
configure:8680: checking if gcc supports -c -o file.o
configure:8727: result: yes
configure:8760: checking whether the gcc linker (/usr/bin/ld) supports shared libraries
configure:9913: result: yes
configure:9950: checking whether -lc should be explicitly linked in
configure:9958: gcc -c -g -O2  conftest.c >&5
configure:9961: $? = 0
configure:9976: gcc -shared  -fPIC -DPIC conftest.o  -v -Wl,-soname -Wl,conftest -o conftest 2\>\&1 \| /bin/grep  -lc  \>/dev/null 2\>\&1
configure:9979: $? = 0
configure:9993: result: no
configure:10153: checking dynamic linker characteristics
configure:10664: gcc -o conftest -g -O2   -Wl,-rpath -Wl,/foo conftest.c  >&5
configure:10664: $? = 0
configure:10890: result: GNU/Linux ld.so
configure:10997: checking how to hardcode library paths into programs
configure:11022: result: immediate
configure:11116: checking for shl_load
configure:11116: gcc -o conftest -g -O2   conftest.c  >&5
/tmp/ccjGGY5h.o: In function `main':
/root/alsa-lib-1.1.6/conftest.c:62: undefined reference to `shl_load'
collect2: error: ld returned 1 exit status
configure:11116: $? = 1
configure: failed program was:
| /* confdefs.h */
| #define PACKAGE_NAME "alsa-lib"
| #define PACKAGE_TARNAME "alsa-lib"
| #define PACKAGE_VERSION "1.1.6"
| #define PACKAGE_STRING "alsa-lib 1.1.6"
| #define PACKAGE_BUGREPORT ""
| #define PACKAGE_URL ""
| #define PACKAGE "alsa-lib"
| #define VERSION "1.1.6"
| #define STDC_HEADERS 1
| #define HAVE_SYS_TYPES_H 1
| #define HAVE_SYS_STAT_H 1
| #define HAVE_STDLIB_H 1
| #define HAVE_STRING_H 1
| #define HAVE_MEMORY_H 1
| #define HAVE_STRINGS_H 1
| #define HAVE_INTTYPES_H 1
| #define HAVE_STDINT_H 1
| #define HAVE_UNISTD_H 1
| #define __EXTENSIONS__ 1
| #define _ALL_SOURCE 1
| #define _GNU_SOURCE 1
| #define _POSIX_PTHREAD_SEMANTICS 1
| #define _TANDEM_SOURCE 1
| #define HAVE_DLFCN_H 1
| #define LT_OBJDIR ".libs/"
| /* end confdefs.h.  */
| /* Define shl_load to an innocuous variant, in case <limits.h> declares shl_load.
|    For example, HP-UX 11i <limits.h> declares gettimeofday.  */
| #define shl_load innocuous_shl_load
| 
| /* System header to define __stub macros and hopefully few prototypes,
|     which can conflict with char shl_load (); below.
|     Prefer <limits.h> to <assert.h> if __STDC__ is defined, since
|     <limits.h> exists even on freestanding compilers.  */
| 
| #ifdef __STDC__
| # include <limits.h>
| #else
| # include <assert.h>
| #endif
| 
| #undef shl_load
| 
| /* Override any GCC internal prototype to avoid an error.
|    Use char because int might match the return type of a GCC
|    builtin and then its argument prototype would still apply.  */
| #ifdef __cplusplus
| extern "C"
| #endif
| char shl_load ();
| /* The GNU C library defines this for functions which it implements
|     to always fail with ENOSYS.  Some functions are actually named
|     something starting with __ and the normal name is an alias.  */
| #if defined __stub_shl_load || defined __stub___shl_load
| choke me
| #endif
| 
| int
| main ()
| {
| return shl_load ();
|   ;
|   return 0;
| }
configure:11116: result: no
configure:11120: checking for shl_load in -ldld
configure:11145: gcc -o conftest -g -O2   conftest.c -ldld   >&5
/usr/bin/ld: cannot find -ldld
collect2: error: ld returned 1 exit status
configure:11145: $? = 1
configure: failed program was:
| /* confdefs.h */
| #define PACKAGE_NAME "alsa-lib"
| #define PACKAGE_TARNAME "alsa-lib"
| #define PACKAGE_VERSION "1.1.6"
| #define PACKAGE_STRING "alsa-lib 1.1.6"
| #define PACKAGE_BUGREPORT ""
| #define PACKAGE_URL ""
| #define PACKAGE "alsa-lib"
| #define VERSION "1.1.6"
| #define STDC_HEADERS 1
| #define HAVE_SYS_TYPES_H 1
| #define HAVE_SYS_STAT_H 1
| #define HAVE_STDLIB_H 1
| #define HAVE_STRING_H 1
| #define HAVE_MEMORY_H 1
| #define HAVE_STRINGS_H 1
| #define HAVE_INTTYPES_H 1
| #define HAVE_STDINT_H 1
| #define HAVE_UNISTD_H 1
| #define __EXTENSIONS__ 1
| #define _ALL_SOURCE 1
| #define _GNU_SOURCE 1
| #define _POSIX_PTHREAD_SEMANTICS 1
| #define _TANDEM_SOURCE 1
| #define HAVE_DLFCN_H 1
| #define LT_OBJDIR ".libs/"
| /* end confdefs.h.  */
| 
| /* Override any GCC internal prototype to avoid an error.
|    Use char because int might match the return type of a GCC
|    builtin and then its argument prototype would still apply.  */
| #ifdef __cplusplus
| extern "C"
| #endif
| char shl_load ();
| int
| main ()
| {
| return shl_load ();
|   ;
|   return 0;
| }
configure:11154: result: no
configure:11159: checking for dlopen
configure:11159: gcc -o conftest -g -O2   conftest.c  >&5
/tmp/cc2gatqF.o: In function `main':
/root/alsa-lib-1.1.6/conftest.c:62: undefined reference to `dlopen'
collect2: error: ld returned 1 exit status
configure:11159: $? = 1
configure: failed program was:
| /* confdefs.h */
| #define PACKAGE_NAME "alsa-lib"
| #define PACKAGE_TARNAME "alsa-lib"
| #define PACKAGE_VERSION "1.1.6"
| #define PACKAGE_STRING "alsa-lib 1.1.6"
| #define PACKAGE_BUGREPORT ""
| #define PACKAGE_URL ""
| #define PACKAGE "alsa-lib"
| #define VERSION "1.1.6"
| #define STDC_HEADERS 1
| #define HAVE_SYS_TYPES_H 1
| #define HAVE_SYS_STAT_H 1
| #define HAVE_STDLIB_H 1
| #define HAVE_STRING_H 1
| #define HAVE_MEMORY_H 1
| #define HAVE_STRINGS_H 1
| #define HAVE_INTTYPES_H 1
| #define HAVE_STDINT_H 1
| #define HAVE_UNISTD_H 1
| #define __EXTENSIONS__ 1
| #define _ALL_SOURCE 1
| #define _GNU_SOURCE 1
| #define _POSIX_PTHREAD_SEMANTICS 1
| #define _TANDEM_SOURCE 1
| #define HAVE_DLFCN_H 1
| #define LT_OBJDIR ".libs/"
| /* end confdefs.h.  */
| /* Define dlopen to an innocuous variant, in case <limits.h> declares dlopen.
|    For example, HP-UX 11i <limits.h> declares gettimeofday.  */
| #define dlopen innocuous_dlopen
| 
| /* System header to define __stub macros and hopefully few prototypes,
|     which can conflict with char dlopen (); below.
|     Prefer <limits.h> to <assert.h> if __STDC__ is defined, since
|     <limits.h> exists even on freestanding compilers.  */
| 
| #ifdef __STDC__
| # include <limits.h>
| #else
| # include <assert.h>
| #endif
| 
| #undef dlopen
| 
| /* Override any GCC internal prototype to avoid an error.
|    Use char because int might match the return type of a GCC
|    builtin and then its argument prototype would still apply.  */
| #ifdef __cplusplus
| extern "C"
| #endif
| char dlopen ();
| /* The GNU C library defines this for functions which it implements
|     to always fail with ENOSYS.  Some functions are actually named
|     something starting with __ and the normal name is an alias.  */
| #if defined __stub_dlopen || defined __stub___dlopen
| choke me
| #endif
| 
| int
| main ()
| {
| return dlopen ();
|   ;
|   return 0;
| }
configure:11159: result: no
configure:11163: checking for dlopen in -ldl
configure:11188: gcc -o conftest -g -O2   conftest.c -ldl   >&5
configure:11188: $? = 0
configure:11197: result: yes
configure:11316: checking whether a program can dlopen itself
configure:11396: gcc -o conftest -g -O2  -DHAVE_DLFCN_H  -Wl,--export-dynamic conftest.c -ldl  >&5
configure:11399: $? = 0
configure:11417: result: yes
configure:11422: checking whether a statically linked program can dlopen itself
configure:11502: gcc -o conftest -g -O2  -DHAVE_DLFCN_H  -Wl,--export-dynamic -static conftest.c -ldl  >&5
/tmp/ccMkVm2g.o: In function `main':
/root/alsa-lib-1.1.6/configure:11481: warning: Using 'dlopen' in statically linked applications requires at runtime the shared libraries from the glibc version used for linking
configure:11505: $? = 0
conftest: undefined symbol: _fnord
configure:11523: result: no
configure:11562: checking whether stripping libraries is possible
configure:11567: result: yes
configure:11602: checking if libtool supports shared libraries
configure:11604: result: yes
configure:11607: checking whether to build shared libraries
configure:11628: result: yes
configure:11631: checking whether to build static libraries
configure:11635: result: no
configure:11675: checking for ANSI C header files
configure:11779: result: yes
configure:11790: checking for an ANSI C-conforming const
configure:11856: gcc -c -g -O2  conftest.c >&5
configure:11856: $? = 0
configure:11863: result: yes
configure:11871: checking for inline
configure:11887: gcc -c -g -O2  conftest.c >&5
configure:11887: $? = 0
configure:11895: result: inline
configure:11913: checking whether time.h and sys/time.h may both be included
configure:11933: gcc -c -g -O2  conftest.c >&5
configure:11933: $? = 0
configure:11940: result: yes
configure:11950: checking whether gcc needs -traditional
configure:11984: result: no
configure:11993: checking for uselocale
configure:11993: gcc -o conftest -g -O2   conftest.c  >&5
configure:11993: $? = 0
configure:11993: result: yes
configure:12004: checking for library version
configure:12029: result: major 1 minor 1 subminor 6 extrastr  extraver 1000000
configure:12120: checking for versioned symbols
configure:12147: result: yes
configure:12166: checking for symbolic-functions
configure:12185: result: no
configure:12197: checking for custom symbol prefixes
configure:12210: result: 
configure:12213: checking for debug
configure:12224: result: yes
configure:12235: checking for debug assert
configure:12251: result: no
configure:12256: checking for tmpdir
configure:12266: result: /tmp
configure:12274: checking for softfloat
configure:12292: result: no
configure:12301: checking for libdl
configure:12313: checking for dlsym in -ldl
configure:12338: gcc -o conftest -g -O2   conftest.c -ldl   >&5
configure:12338: $? = 0
configure:12347: result: yes
configure:12372: checking for pthread
configure:12383: checking for pthread_join in -lpthread
configure:12408: gcc -o conftest -g -O2   conftest.c -lpthread   >&5
configure:12408: $? = 0
configure:12417: result: yes
configure:12435: checking whether PTHREAD_MUTEX_RECURSIVE is declared
configure:12435: gcc -c -g -O2  conftest.c >&5
configure:12435: $? = 0
configure:12435: result: yes
configure:12445: checking for __thread
configure:12460: gcc -o conftest -g -O2   conftest.c  >&5
configure:12460: $? = 0
configure:12464: result: yes
configure:12473: checking for librt
configure:12484: checking for clock_gettime in -lrt
configure:12509: gcc -o conftest -g -O2   conftest.c -lrt   >&5
configure:12509: $? = 0
configure:12518: result: yes
configure:12540: checking for use of wordexp
configure:12566: result: no
configure:12573: checking endian.h usability
configure:12573: gcc -c -g -O2  conftest.c >&5
configure:12573: $? = 0
configure:12573: result: yes
configure:12573: checking endian.h presence
configure:12573: gcc -E  conftest.c
configure:12573: $? = 0
configure:12573: result: yes
configure:12573: checking for endian.h
configure:12573: result: yes
configure:12573: checking sys/endian.h usability
configure:12573: gcc -c -g -O2  conftest.c >&5
conftest.c:78:24: fatal error: sys/endian.h: No such file or directory
 #include <sys/endian.h>
                        ^
compilation terminated.
configure:12573: $? = 1
configure: failed program was:
| /* confdefs.h */
| #define PACKAGE_NAME "alsa-lib"
| #define PACKAGE_TARNAME "alsa-lib"
| #define PACKAGE_VERSION "1.1.6"
| #define PACKAGE_STRING "alsa-lib 1.1.6"
| #define PACKAGE_BUGREPORT ""
| #define PACKAGE_URL ""
| #define PACKAGE "alsa-lib"
| #define VERSION "1.1.6"
| #define STDC_HEADERS 1
| #define HAVE_SYS_TYPES_H 1
| #define HAVE_SYS_STAT_H 1
| #define HAVE_STDLIB_H 1
| #define HAVE_STRING_H 1
| #define HAVE_MEMORY_H 1
| #define HAVE_STRINGS_H 1
| #define HAVE_INTTYPES_H 1
| #define HAVE_STDINT_H 1
| #define HAVE_UNISTD_H 1
| #define __EXTENSIONS__ 1
| #define _ALL_SOURCE 1
| #define _GNU_SOURCE 1
| #define _POSIX_PTHREAD_SEMANTICS 1
| #define _TANDEM_SOURCE 1
| #define HAVE_DLFCN_H 1
| #define LT_OBJDIR ".libs/"
| #define STDC_HEADERS 1
| #define TIME_WITH_SYS_TIME 1
| #define HAVE_USELOCALE 1
| #define VERSION "1.1.6"
| #define ALSA_CONFIG_DIR "/usr/share/alsa"
| #define ALSA_PLUGIN_DIR "/usr/lib/alsa-lib"
| #define ALSA_PKGCONF_DIR "/usr/lib/pkgconfig"
| #define VERSIONED_SYMBOLS /**/
| #define __SYMBOL_PREFIX ""
| #define TMPDIR "/tmp"
| #define HAVE_LIBDL 1
| #define HAVE_LIBPTHREAD 1
| #define HAVE_PTHREAD_MUTEX_RECURSIVE /**/
| #define HAVE___THREAD 1
| #define HAVE_LIBRT 1
| #define HAVE_CLOCK_GETTIME 1
| #define HAVE_ENDIAN_H 1
| /* end confdefs.h.  */
| #include <stdio.h>
| #ifdef HAVE_SYS_TYPES_H
| # include <sys/types.h>
| #endif
| #ifdef HAVE_SYS_STAT_H
| # include <sys/stat.h>
| #endif
| #ifdef STDC_HEADERS
| # include <stdlib.h>
| # include <stddef.h>
| #else
| # ifdef HAVE_STDLIB_H
| #  include <stdlib.h>
| # endif
| #endif
| #ifdef HAVE_STRING_H
| # if !defined STDC_HEADERS && defined HAVE_MEMORY_H
| #  include <memory.h>
| # endif
| # include <string.h>
| #endif
| #ifdef HAVE_STRINGS_H
| # include <strings.h>
| #endif
| #ifdef HAVE_INTTYPES_H
| # include <inttypes.h>
| #endif
| #ifdef HAVE_STDINT_H
| # include <stdint.h>
| #endif
| #ifdef HAVE_UNISTD_H
| # include <unistd.h>
| #endif
| #include <sys/endian.h>
configure:12573: result: no
configure:12573: checking sys/endian.h presence
configure:12573: gcc -E  conftest.c
conftest.c:45:24: fatal error: sys/endian.h: No such file or directory
 #include <sys/endian.h>
                        ^
compilation terminated.
configure:12573: $? = 1
configure: failed program was:
| /* confdefs.h */
| #define PACKAGE_NAME "alsa-lib"
| #define PACKAGE_TARNAME "alsa-lib"
| #define PACKAGE_VERSION "1.1.6"
| #define PACKAGE_STRING "alsa-lib 1.1.6"
| #define PACKAGE_BUGREPORT ""
| #define PACKAGE_URL ""
| #define PACKAGE "alsa-lib"
| #define VERSION "1.1.6"
| #define STDC_HEADERS 1
| #define HAVE_SYS_TYPES_H 1
| #define HAVE_SYS_STAT_H 1
| #define HAVE_STDLIB_H 1
| #define HAVE_STRING_H 1
| #define HAVE_MEMORY_H 1
| #define HAVE_STRINGS_H 1
| #define HAVE_INTTYPES_H 1
| #define HAVE_STDINT_H 1
| #define HAVE_UNISTD_H 1
| #define __EXTENSIONS__ 1
| #define _ALL_SOURCE 1
| #define _GNU_SOURCE 1
| #define _POSIX_PTHREAD_SEMANTICS 1
| #define _TANDEM_SOURCE 1
| #define HAVE_DLFCN_H 1
| #define LT_OBJDIR ".libs/"
| #define STDC_HEADERS 1
| #define TIME_WITH_SYS_TIME 1
| #define HAVE_USELOCALE 1
| #define VERSION "1.1.6"
| #define ALSA_CONFIG_DIR "/usr/share/alsa"
| #define ALSA_PLUGIN_DIR "/usr/lib/alsa-lib"
| #define ALSA_PKGCONF_DIR "/usr/lib/pkgconfig"
| #define VERSIONED_SYMBOLS /**/
| #define __SYMBOL_PREFIX ""
| #define TMPDIR "/tmp"
| #define HAVE_LIBDL 1
| #define HAVE_LIBPTHREAD 1
| #define HAVE_PTHREAD_MUTEX_RECURSIVE /**/
| #define HAVE___THREAD 1
| #define HAVE_LIBRT 1
| #define HAVE_CLOCK_GETTIME 1
| #define HAVE_ENDIAN_H 1
| /* end confdefs.h.  */
| #include <sys/endian.h>
configure:12573: result: no
configure:12573: checking for sys/endian.h
configure:12573: result: no
configure:12573: checking sys/shm.h usability
configure:12573: gcc -c -g -O2  conftest.c >&5
configure:12573: $? = 0
configure:12573: result: yes
configure:12573: checking sys/shm.h presence
configure:12573: gcc -E  conftest.c
configure:12573: $? = 0
configure:12573: result: yes
configure:12573: checking for sys/shm.h
configure:12573: result: yes
configure:12584: checking for resmgr support
configure:12593: result: no
configure:12648: checking for aload* support
configure:12657: result: yes
configure:12665: checking for ALSA device file directory
configure:12683: result: /dev/snd/
configure:12686: checking for aload* device file directory
configure:12704: result: /dev/
configure:12988: checking whether GCC supports builtin atomic intrinsics
configure:13006: gcc -o conftest -g -O2   conftest.c  >&5
configure:13006: $? = 0
configure:13014: result: yes
configure:13404: checking for max number of cards
configure:13414: result: 32
configure:13429: checking for thread-safe API functions
configure:13439: result: yes
configure:13567: checking that generated files are newer than configure
configure:13573: result: done
configure:13784: creating ./config.status

## ---------------------- ##
## Running config.status. ##
## ---------------------- ##

This file was extended by alsa-lib config.status 1.1.6, which was
generated by GNU Autoconf 2.69.  Invocation command line was

  CONFIG_FILES    = 
  CONFIG_HEADERS  = 
  CONFIG_LINKS    = 
  CONFIG_COMMANDS = 
  $ ./config.status 

on bmw-multimedia

config.status:1286: creating Makefile
config.status:1286: creating doc/Makefile
config.status:1286: creating doc/pictures/Makefile
config.status:1286: creating doc/doxygen.cfg
config.status:1286: creating include/Makefile
config.status:1286: creating include/sound/Makefile
config.status:1286: creating src/Versions
config.status:1286: creating src/Makefile
config.status:1286: creating src/control/Makefile
config.status:1286: creating src/mixer/Makefile
config.status:1286: creating src/pcm/Makefile
config.status:1286: creating src/pcm/scopes/Makefile
config.status:1286: creating src/rawmidi/Makefile
config.status:1286: creating src/timer/Makefile
config.status:1286: creating src/hwdep/Makefile
config.status:1286: creating src/seq/Makefile
config.status:1286: creating src/ucm/Makefile
config.status:1286: creating src/alisp/Makefile
config.status:1286: creating src/topology/Makefile
config.status:1286: creating src/conf/Makefile
config.status:1286: creating src/conf/alsa.conf.d/Makefile
config.status:1286: creating src/conf/cards/Makefile
config.status:1286: creating src/conf/pcm/Makefile
config.status:1286: creating src/conf/ucm/Makefile
config.status:1286: creating src/conf/ucm/broadwell-rt286/Makefile
config.status:1286: creating src/conf/ucm/broxton-rt298/Makefile
config.status:1286: creating src/conf/ucm/bytcr-rt5651/Makefile
config.status:1286: creating src/conf/ucm/chtrt5645/Makefile
config.status:1286: creating src/conf/ucm/chtrt5645-mono-speaker-analog-mic/Makefile
config.status:1286: creating src/conf/ucm/DAISY-I2S/Makefile
config.status:1286: creating src/conf/ucm/DB410c/Makefile
config.status:1286: creating src/conf/ucm/GoogleNyan/Makefile
config.status:1286: creating src/conf/ucm/gpd-win-pocket-rt5645/Makefile
config.status:1286: creating src/conf/ucm/HDAudio-Gigabyte-ALC1220DualCodecs/Makefile
config.status:1286: creating src/conf/ucm/HDAudio-Lenovo-DualCodecs/Makefile
config.status:1286: creating src/conf/ucm/PandaBoard/Makefile
config.status:1286: creating src/conf/ucm/PandaBoardES/Makefile
config.status:1286: creating src/conf/ucm/PAZ00/Makefile
config.status:1286: creating src/conf/ucm/SDP4430/Makefile
config.status:1286: creating src/conf/ucm/skylake-rt286/Makefile
config.status:1286: creating src/conf/ucm/TECLAST-X80Pro-Defaultstring-CherryTrailCR/Makefile
config.status:1286: creating src/conf/ucm/tegraalc5632/Makefile
config.status:1286: creating src/conf/ucm/VEYRON-I2S/Makefile
config.status:1286: creating src/conf/topology/Makefile
config.status:1286: creating src/conf/topology/broadwell/Makefile
config.status:1286: creating modules/Makefile
config.status:1286: creating modules/mixer/Makefile
config.status:1286: creating modules/mixer/simple/Makefile
config.status:1286: creating src/conf/topology/sklrt286/Makefile
config.status:1286: creating src/conf/topology/bxtrt298/Makefile
config.status:1286: creating alsalisp/Makefile
config.status:1286: creating aserver/Makefile
config.status:1286: creating test/Makefile
config.status:1286: creating test/lsb/Makefile
config.status:1286: creating utils/Makefile
config.status:1286: creating utils/alsa-lib.spec
config.status:1286: creating utils/alsa.pc
config.status:1286: creating include/config.h
config.status:1515: executing depfiles commands
config.status:1515: executing libtool commands

## ---------------- ##
## Cache variables. ##
## ---------------- ##

ac_cv_build=armv7l-unknown-linux-gnueabihf
ac_cv_c_compiler_gnu=yes
ac_cv_c_const=yes
ac_cv_c_inline=inline
ac_cv_env_CC_set=
ac_cv_env_CC_value=
ac_cv_env_CFLAGS_set=
ac_cv_env_CFLAGS_value=
ac_cv_env_CPPFLAGS_set=
ac_cv_env_CPPFLAGS_value=
ac_cv_env_CPP_set=
ac_cv_env_CPP_value=
ac_cv_env_LDFLAGS_set=
ac_cv_env_LDFLAGS_value=
ac_cv_env_LIBS_set=
ac_cv_env_LIBS_value=
ac_cv_env_build_alias_set=
ac_cv_env_build_alias_value=
ac_cv_env_host_alias_set=
ac_cv_env_host_alias_value=
ac_cv_env_target_alias_set=
ac_cv_env_target_alias_value=
ac_cv_func_dlopen=no
ac_cv_func_shl_load=no
ac_cv_func_uselocale=yes
ac_cv_have_decl_PTHREAD_MUTEX_RECURSIVE=yes
ac_cv_header_dlfcn_h=yes
ac_cv_header_endian_h=yes
ac_cv_header_inttypes_h=yes
ac_cv_header_memory_h=yes
ac_cv_header_minix_config_h=no
ac_cv_header_stdc=yes
ac_cv_header_stdint_h=yes
ac_cv_header_stdlib_h=yes
ac_cv_header_string_h=yes
ac_cv_header_strings_h=yes
ac_cv_header_sys_endian_h=no
ac_cv_header_sys_shm_h=yes
ac_cv_header_sys_stat_h=yes
ac_cv_header_sys_types_h=yes
ac_cv_header_time=yes
ac_cv_header_unistd_h=yes
ac_cv_host=armv7l-unknown-linux-gnueabihf
ac_cv_lib_dl_dlopen=yes
ac_cv_lib_dl_dlsym=yes
ac_cv_lib_dld_shl_load=no
ac_cv_lib_pthread_pthread_join=yes
ac_cv_lib_rt_clock_gettime=yes
ac_cv_objext=o
ac_cv_path_EGREP='/bin/grep -E'
ac_cv_path_FGREP='/bin/grep -F'
ac_cv_path_GREP=/bin/grep
ac_cv_path_SED=/bin/sed
ac_cv_path_install='/usr/bin/install -c'
ac_cv_path_mkdir=/bin/mkdir
ac_cv_prog_AWK=gawk
ac_cv_prog_CPP='gcc -E'
ac_cv_prog_ac_ct_AR=ar
ac_cv_prog_ac_ct_CC=gcc
ac_cv_prog_ac_ct_MANIFEST_TOOL=mt
ac_cv_prog_ac_ct_OBJDUMP=objdump
ac_cv_prog_ac_ct_RANLIB=ranlib
ac_cv_prog_ac_ct_STRIP=strip
ac_cv_prog_cc_c89=
ac_cv_prog_cc_g=yes
ac_cv_prog_gcc_traditional=no
ac_cv_prog_make_make_set=yes
ac_cv_safe_to_define___extensions__=yes
am_cv_CC_dependencies_compiler_type=gcc3
am_cv_make_support_nested_variables=yes
lt_cv_ar_at_file=@
lt_cv_archive_cmds_need_lc=no
lt_cv_deplibs_check_method=pass_all
lt_cv_dlopen=dlopen
lt_cv_dlopen_libs=-ldl
lt_cv_dlopen_self=yes
lt_cv_dlopen_self_static=no
lt_cv_file_magic_cmd='$MAGIC_CMD'
lt_cv_file_magic_test_file=
lt_cv_ld_reload_flag=-r
lt_cv_nm_interface='BSD nm'
lt_cv_objdir=.libs
lt_cv_path_LD=/usr/bin/ld
lt_cv_path_NM='/usr/bin/nm -B'
lt_cv_path_mainfest_tool=no
lt_cv_prog_compiler_c_o=yes
lt_cv_prog_compiler_pic='-fPIC -DPIC'
lt_cv_prog_compiler_pic_works=yes
lt_cv_prog_compiler_rtti_exceptions=no
lt_cv_prog_compiler_static_works=yes
lt_cv_prog_gnu_ld=yes
lt_cv_sharedlib_from_linklib_cmd='printf %s\n'
lt_cv_shlibpath_overrides_runpath=no
lt_cv_sys_global_symbol_pipe='sed -n -e '\''s/^.*[	 ]\([ABCDGIRSTW][ABCDGIRSTW]*\)[	 ][	 ]*\([_A-Za-z][_A-Za-z0-9]*\)$/\1 \2 \2/p'\'' | sed '\''/ __gnu_lto/d'\'''
lt_cv_sys_global_symbol_to_c_name_address='sed -n -e '\''s/^: \([^ ]*\)[ ]*$/  {\"\1\", (void *) 0},/p'\'' -e '\''s/^[ABCDGIRSTW]* \([^ ]*\) \([^ ]*\)$/  {"\2", (void *) \&\2},/p'\'''
lt_cv_sys_global_symbol_to_c_name_address_lib_prefix='sed -n -e '\''s/^: \([^ ]*\)[ ]*$/  {\"\1\", (void *) 0},/p'\'' -e '\''s/^[ABCDGIRSTW]* \([^ ]*\) \(lib[^ ]*\)$/  {"\2", (void *) \&\2},/p'\'' -e '\''s/^[ABCDGIRSTW]* \([^ ]*\) \([^ ]*\)$/  {"lib\2", (void *) \&\2},/p'\'''
lt_cv_sys_global_symbol_to_cdecl='sed -n -e '\''s/^T .* \(.*\)$/extern int \1();/p'\'' -e '\''s/^[ABCDGIRSTW]* .* \(.*\)$/extern char \1;/p'\'''
lt_cv_sys_max_cmd_len=1572864
lt_cv_to_host_file_cmd=func_convert_file_noop
lt_cv_to_tool_file_cmd=func_convert_file_noop

## ----------------- ##
## Output variables. ##
## ----------------- ##

ACLOCAL='${SHELL} /root/alsa-lib-1.1.6/missing --run aclocal-1.12'
ALSA_CONFIG_DIR='/usr/share/alsa'
ALSA_DEPLIBS='-lm -ldl -lpthread -lrt'
ALSA_PKGCONF_DIR='/usr/lib/pkgconfig'
ALSA_PLUGIN_DIR='/usr/lib/alsa-lib'
AMDEPBACKSLASH='\'
AMDEP_FALSE='#'
AMDEP_TRUE=''
AMTAR='$${TAR-tar}'
AM_BACKSLASH='\'
AM_DEFAULT_V='$(AM_DEFAULT_VERBOSITY)'
AM_DEFAULT_VERBOSITY='0'
AM_V='$(V)'
AR='ar'
AUTOCONF='${SHELL} /root/alsa-lib-1.1.6/missing --run autoconf'
AUTOHEADER='${SHELL} /root/alsa-lib-1.1.6/missing --run autoheader'
AUTOMAKE='${SHELL} /root/alsa-lib-1.1.6/missing --run automake-1.12'
AWK='gawk'
BUILD_ALISP_FALSE=''
BUILD_ALISP_TRUE='#'
BUILD_CTL_PLUGIN_EXT_FALSE='#'
BUILD_CTL_PLUGIN_EXT_TRUE=''
BUILD_CTL_PLUGIN_FALSE='#'
BUILD_CTL_PLUGIN_SHM_FALSE='#'
BUILD_CTL_PLUGIN_SHM_TRUE=''
BUILD_CTL_PLUGIN_TRUE=''
BUILD_HWDEP_FALSE='#'
BUILD_HWDEP_TRUE=''
BUILD_MIXER_FALSE='#'
BUILD_MIXER_MODULES_FALSE=''
BUILD_MIXER_MODULES_TRUE='#'
BUILD_MIXER_PYMODULES_FALSE=''
BUILD_MIXER_PYMODULES_TRUE='#'
BUILD_MIXER_TRUE=''
BUILD_MODULES_FALSE='#'
BUILD_MODULES_TRUE=''
BUILD_PCM_FALSE='#'
BUILD_PCM_PLUGIN_ADPCM_FALSE='#'
BUILD_PCM_PLUGIN_ADPCM_TRUE=''
BUILD_PCM_PLUGIN_ALAW_FALSE='#'
BUILD_PCM_PLUGIN_ALAW_TRUE=''
BUILD_PCM_PLUGIN_ASYM_FALSE='#'
BUILD_PCM_PLUGIN_ASYM_TRUE=''
BUILD_PCM_PLUGIN_COPY_FALSE='#'
BUILD_PCM_PLUGIN_COPY_TRUE=''
BUILD_PCM_PLUGIN_DMIX_FALSE='#'
BUILD_PCM_PLUGIN_DMIX_TRUE=''
BUILD_PCM_PLUGIN_DSHARE_FALSE='#'
BUILD_PCM_PLUGIN_DSHARE_TRUE=''
BUILD_PCM_PLUGIN_DSNOOP_FALSE='#'
BUILD_PCM_PLUGIN_DSNOOP_TRUE=''
BUILD_PCM_PLUGIN_EMPTY_FALSE='#'
BUILD_PCM_PLUGIN_EMPTY_TRUE=''
BUILD_PCM_PLUGIN_EXTPLUG_FALSE='#'
BUILD_PCM_PLUGIN_EXTPLUG_TRUE=''
BUILD_PCM_PLUGIN_FALSE='#'
BUILD_PCM_PLUGIN_FILE_FALSE='#'
BUILD_PCM_PLUGIN_FILE_TRUE=''
BUILD_PCM_PLUGIN_HOOKS_FALSE='#'
BUILD_PCM_PLUGIN_HOOKS_TRUE=''
BUILD_PCM_PLUGIN_IEC958_FALSE='#'
BUILD_PCM_PLUGIN_IEC958_TRUE=''
BUILD_PCM_PLUGIN_IOPLUG_FALSE='#'
BUILD_PCM_PLUGIN_IOPLUG_TRUE=''
BUILD_PCM_PLUGIN_LADSPA_FALSE='#'
BUILD_PCM_PLUGIN_LADSPA_TRUE=''
BUILD_PCM_PLUGIN_LFLOAT_FALSE='#'
BUILD_PCM_PLUGIN_LFLOAT_TRUE=''
BUILD_PCM_PLUGIN_LINEAR_FALSE='#'
BUILD_PCM_PLUGIN_LINEAR_TRUE=''
BUILD_PCM_PLUGIN_METER_FALSE='#'
BUILD_PCM_PLUGIN_METER_TRUE=''
BUILD_PCM_PLUGIN_MMAP_EMUL_FALSE='#'
BUILD_PCM_PLUGIN_MMAP_EMUL_TRUE=''
BUILD_PCM_PLUGIN_MULAW_FALSE='#'
BUILD_PCM_PLUGIN_MULAW_TRUE=''
BUILD_PCM_PLUGIN_MULTI_FALSE='#'
BUILD_PCM_PLUGIN_MULTI_TRUE=''
BUILD_PCM_PLUGIN_NULL_FALSE='#'
BUILD_PCM_PLUGIN_NULL_TRUE=''
BUILD_PCM_PLUGIN_PLUG_FALSE='#'
BUILD_PCM_PLUGIN_PLUG_TRUE=''
BUILD_PCM_PLUGIN_RATE_FALSE='#'
BUILD_PCM_PLUGIN_RATE_TRUE=''
BUILD_PCM_PLUGIN_ROUTE_FALSE='#'
BUILD_PCM_PLUGIN_ROUTE_TRUE=''
BUILD_PCM_PLUGIN_SHARE_FALSE='#'
BUILD_PCM_PLUGIN_SHARE_TRUE=''
BUILD_PCM_PLUGIN_SHM_FALSE='#'
BUILD_PCM_PLUGIN_SHM_TRUE=''
BUILD_PCM_PLUGIN_SOFTVOL_FALSE='#'
BUILD_PCM_PLUGIN_SOFTVOL_TRUE=''
BUILD_PCM_PLUGIN_TRUE=''
BUILD_PCM_TRUE=''
BUILD_RAWMIDI_FALSE='#'
BUILD_RAWMIDI_TRUE=''
BUILD_SEQ_FALSE='#'
BUILD_SEQ_TRUE=''
BUILD_TOPOLOGY_FALSE='#'
BUILD_TOPOLOGY_TRUE=''
BUILD_UCM_FALSE='#'
BUILD_UCM_TRUE=''
CC='gcc'
CCDEPMODE='depmode=gcc3'
CFLAGS='-g -O2'
CPP='gcc -E'
CPPFLAGS=''
CYGPATH_W='echo'
DEFS='-DHAVE_CONFIG_H'
DEPDIR='.deps'
DLLTOOL='false'
DSYMUTIL=''
DUMPBIN=''
ECHO_C=''
ECHO_N='-n'
ECHO_T=''
EGREP='/bin/grep -E'
EXEEXT=''
FGREP='/bin/grep -F'
GREP='/bin/grep'
INSTALL_DATA='${INSTALL} -m 644'
INSTALL_M4_FALSE='#'
INSTALL_M4_TRUE=''
INSTALL_PROGRAM='${INSTALL}'
INSTALL_SCRIPT='${INSTALL}'
INSTALL_STRIP_PROGRAM='$(install_sh) -c -s'
KEEP_OLD_SYMBOLS_FALSE='#'
KEEP_OLD_SYMBOLS_TRUE=''
LD='/usr/bin/ld'
LDFLAGS=''
LIBOBJS=''
LIBS=''
LIBTOOL='$(SHELL) $(top_builddir)/libtool'
LIBTOOL_VERSION_INFO='2:0:0'
LIPO=''
LN_S='ln -s'
LTLIBOBJS=''
MAINT=''
MAINTAINER_MODE_FALSE='#'
MAINTAINER_MODE_TRUE=''
MAKEINFO='${SHELL} /root/alsa-lib-1.1.6/missing --run makeinfo'
MANIFEST_TOOL=':'
MKDIR_P='/bin/mkdir -p'
NM='/usr/bin/nm -B'
NMEDIT=''
OBJDUMP='objdump'
OBJEXT='o'
OTOOL64=''
OTOOL=''
PACKAGE='alsa-lib'
PACKAGE_BUGREPORT=''
PACKAGE_NAME='alsa-lib'
PACKAGE_STRING='alsa-lib 1.1.6'
PACKAGE_TARNAME='alsa-lib'
PACKAGE_URL=''
PACKAGE_VERSION='1.1.6'
PATH_SEPARATOR=':'
PYTHON_INCLUDES=''
PYTHON_LIBS=''
RANLIB='ranlib'
SED='/bin/sed'
SET_MAKE=''
SHELL='/bin/bash'
SND_LIB_EXTRAVER='1000000'
SND_LIB_MAJOR='1'
SND_LIB_MINOR='1'
SND_LIB_SUBMINOR='6'
SND_LIB_VERSION='1.1.6'
STRIP='strip'
SYMBOLIC_FUNCTIONS_FALSE=''
SYMBOLIC_FUNCTIONS_TRUE='#'
SYMBOL_PREFIX=''
VERSION='1.1.6'
VERSIONED_SYMBOLS_FALSE='#'
VERSIONED_SYMBOLS_TRUE=''
ac_ct_AR='ar'
ac_ct_CC='gcc'
ac_ct_DUMPBIN=''
am__EXEEXT_FALSE=''
am__EXEEXT_TRUE='#'
am__fastdepCC_FALSE='#'
am__fastdepCC_TRUE=''
am__include='include'
am__isrc=''
am__leading_dot='.'
am__nodep='_no'
am__quote=''
am__tar='$${TAR-tar} chof - "$$tardir"'
am__untar='$${TAR-tar} xf -'
bindir='${exec_prefix}/bin'
build='armv7l-unknown-linux-gnueabihf'
build_alias=''
build_cpu='armv7l'
build_os='linux-gnueabihf'
build_vendor='unknown'
datadir='${datarootdir}'
datarootdir='${prefix}/share'
docdir='${datarootdir}/doc/${PACKAGE_TARNAME}'
dvidir='${docdir}'
exec_prefix='/usr'
host='armv7l-unknown-linux-gnueabihf'
host_alias=''
host_cpu='armv7l'
host_os='linux-gnueabihf'
host_vendor='unknown'
htmldir='${docdir}'
includedir='${prefix}/include'
infodir='${datarootdir}/info'
install_sh='${SHELL} /root/alsa-lib-1.1.6/install-sh'
libdir='${exec_prefix}/lib'
libexecdir='${exec_prefix}/libexec'
localedir='${datarootdir}/locale'
localstatedir='${prefix}/var'
mandir='${datarootdir}/man'
mkdir_p='$(MKDIR_P)'
oldincludedir='/usr/include'
pdfdir='${docdir}'
prefix='/usr'
program_transform_name='s,x,x,'
psdir='${docdir}'
sbindir='${exec_prefix}/sbin'
sharedstatedir='${prefix}/com'
sysconfdir='${prefix}/etc'
target_alias=''

## ----------- ##
## confdefs.h. ##
## ----------- ##

/* confdefs.h */
#define PACKAGE_NAME "alsa-lib"
#define PACKAGE_TARNAME "alsa-lib"
#define PACKAGE_VERSION "1.1.6"
#define PACKAGE_STRING "alsa-lib 1.1.6"
#define PACKAGE_BUGREPORT ""
#define PACKAGE_URL ""
#define PACKAGE "alsa-lib"
#define VERSION "1.1.6"
#define STDC_HEADERS 1
#define HAVE_SYS_TYPES_H 1
#define HAVE_SYS_STAT_H 1
#define HAVE_STDLIB_H 1
#define HAVE_STRING_H 1
#define HAVE_MEMORY_H 1
#define HAVE_STRINGS_H 1
#define HAVE_INTTYPES_H 1
#define HAVE_STDINT_H 1
#define HAVE_UNISTD_H 1
#define __EXTENSIONS__ 1
#define _ALL_SOURCE 1
#define _GNU_SOURCE 1
#define _POSIX_PTHREAD_SEMANTICS 1
#define _TANDEM_SOURCE 1
#define HAVE_DLFCN_H 1
#define LT_OBJDIR ".libs/"
#define STDC_HEADERS 1
#define TIME_WITH_SYS_TIME 1
#define HAVE_USELOCALE 1
#define VERSION "1.1.6"
#define ALSA_CONFIG_DIR "/usr/share/alsa"
#define ALSA_PLUGIN_DIR "/usr/lib/alsa-lib"
#define ALSA_PKGCONF_DIR "/usr/lib/pkgconfig"
#define VERSIONED_SYMBOLS /**/
#define __SYMBOL_PREFIX ""
#define TMPDIR "/tmp"
#define HAVE_LIBDL 1
#define HAVE_LIBPTHREAD 1
#define HAVE_PTHREAD_MUTEX_RECURSIVE /**/
#define HAVE___THREAD 1
#define HAVE_LIBRT 1
#define HAVE_CLOCK_GETTIME 1
#define HAVE_ENDIAN_H 1
#define HAVE_SYS_SHM_H 1
#define SUPPORT_ALOAD "1"
#define ALSA_DEVICE_DIRECTORY "/dev/snd/"
#define ALOAD_DEVICE_DIRECTORY "/dev/"
#define BUILD_MIXER "1"
#define BUILD_PCM "1"
#define BUILD_RAWMIDI "1"
#define BUILD_HWDEP "1"
#define BUILD_SEQ "1"
#define BUILD_UCM "1"
#define BUILD_TOPOLOGY "1"
#define BUILD_PCM_PLUGIN_RATE "1"
#define BUILD_PCM_PLUGIN_ROUTE "1"
#define BUILD_PCM_PLUGIN_LFLOAT "1"
#define BUILD_PCM_PLUGIN_ADPCM "1"
#define BUILD_PCM_PLUGIN_MULAW "1"
#define BUILD_PCM_PLUGIN_ALAW "1"
#define BUILD_PCM_PLUGIN_MMAP_EMUL "1"
#define SND_MAX_CARDS 32
#define THREAD_SAFE_API "1"

configure: exit 0
